
> dappina-co-web@1.0.0 build
> next build

   ▲ Next.js 15.5.12

   Creating an optimized production build ...
Failed to compile.

src\app\layout.tsx
An error occurred in `next/font`.

Error: Cannot find module 'autoprefixer'
Require stack:
- C:\Users\yaswa\Desktop\dappina-co\node_modules\next\dist\build\webpack\config\blocks\css\plugins.js
- C:\Users\yaswa\Desktop\dappina-co\node_modules\next\dist\build\webpack\config\blocks\css\index.js
- C:\Users\yaswa\Desktop\dappina-co\node_modules\next\dist\build\webpack\config\index.js
- C:\Users\yaswa\Desktop\dappina-co\node_modules\next\dist\build\webpack-config.js
- C:\Users\yaswa\Desktop\dappina-co\node_modules\next\dist\build\webpack-build\impl.js
- C:\Users\yaswa\Desktop\dappina-co\node_modules\next\dist\compiled\jest-worker\processChild.js
    at Module.<anonymous> (node:internal/modules/cjs/loader:1421:15)
    at C:\Users\yaswa\Desktop\dappina-co\node_modules\next\dist\server\require-hook.js:57:36
    at require.resolve (node:internal/modules/helpers:163:19)
    at loadPlugin (C:\Users\yaswa\Desktop\dappina-co\node_modules\next\dist\build\webpack\config\blocks\css\plugins.js:53:32)
    at C:\Users\yaswa\Desktop\dappina-co\node_modules\next\dist\build\webpack\config\blocks\css\plugins.js:185:56
    at Array.map (<anonymous>)
    at getPostCssPlugins (C:\Users\yaswa\Desktop\dappina-co\node_modules\next\dist\build\webpack\config\blocks\css\plugins.js:185:47)
    at async C:\Users\yaswa\Desktop\dappina-co\node_modules\next\dist\build\webpack\config\blocks\css\index.js:125:36
    at async C:\Users\yaswa\Desktop\dappina-co\node_modules\next\dist\build\webpack\loaders\next-font-loader\index.js:94:33
    at async Span.traceAsyncFn (C:\Users\yaswa\Desktop\dappina-co\node_modules\next\dist\trace\trace.js:157:20)


> Build failed because of webpack errors
